{"uid":"dc7656620ebc99ae","name":"test_autocomplete","fullName":"tests.test_edit#test_autocomplete","historyId":"116b21cd5116ce076d64042c4703a3e3","time":{"start":1717677851018,"stop":1717677851018,"duration":0},"status":"broken","statusMessage":"selenium.common.exceptions.SessionNotCreatedException: Message: session not created: Chrome failed to start: exited normally.\n  (session not created: DevToolsActivePort file doesn't exist)\n  (The process started from chrome location /opt/google/chrome/chrome is no longer running, so ChromeDriver is assuming that Chrome has crashed.)\nStacktrace:\n#0 0x55ec7a205e3a <unknown>\n#1 0x55ec79eef45c <unknown>\n#2 0x55ec79f246f8 <unknown>\n#3 0x55ec79f2063b <unknown>\n#4 0x55ec79f6ab19 <unknown>\n#5 0x55ec79f5e253 <unknown>\n#6 0x55ec79f2e1c7 <unknown>\n#7 0x55ec79f2eb3e <unknown>\n#8 0x55ec7a1cc27b <unknown>\n#9 0x55ec7a1d0327 <unknown>\n#10 0x55ec7a1b8dae <unknown>\n#11 0x55ec7a1d0df2 <unknown>\n#12 0x55ec7a19d74f <unknown>\n#13 0x55ec7a1f5128 <unknown>\n#14 0x55ec7a1f52fb <unknown>\n#15 0x55ec7a204f6c <unknown>\n#16 0x7fb994894ac3 <unknown>","statusTrace":"@pytest.fixture\n    def chrome_browser():\n        options = Options()\n        if os.getenv(\"IS_HEADLESS\") == \"true\":\n            options.add_argument(\"--headless\")\n        service = Service(ChromeDriverManager().install())\n>       browser = Chrome(service=service, options=options)\n\ntests/conftest.py:28: \n_ _ _ _ _ _ _ _ _ _ _ _ _ _ _ _ _ _ _ _ _ _ _ _ _ _ _ _ _ _ _ _ _ _ _ _ _ _ _ _ \n/opt/hostedtoolcache/Python/3.12.1/x64/lib/python3.12/site-packages/selenium/webdriver/chrome/webdriver.py:45: in __init__\n    super().__init__(\n/opt/hostedtoolcache/Python/3.12.1/x64/lib/python3.12/site-packages/selenium/webdriver/chromium/webdriver.py:66: in __init__\n    super().__init__(command_executor=executor, options=options)\n/opt/hostedtoolcache/Python/3.12.1/x64/lib/python3.12/site-packages/selenium/webdriver/remote/webdriver.py:208: in __init__\n    self.start_session(capabilities)\n/opt/hostedtoolcache/Python/3.12.1/x64/lib/python3.12/site-packages/selenium/webdriver/remote/webdriver.py:292: in start_session\n    response = self.execute(Command.NEW_SESSION, caps)[\"value\"]\n/opt/hostedtoolcache/Python/3.12.1/x64/lib/python3.12/site-packages/selenium/webdriver/remote/webdriver.py:347: in execute\n    self.error_handler.check_response(response)\n_ _ _ _ _ _ _ _ _ _ _ _ _ _ _ _ _ _ _ _ _ _ _ _ _ _ _ _ _ _ _ _ _ _ _ _ _ _ _ _ \n\nself = <selenium.webdriver.remote.errorhandler.ErrorHandler object at 0x7f3651cf46e0>\nresponse = {'status': 500, 'value': '{\"value\":{\"error\":\"session not created\",\"message\":\"session not created: Chrome failed to sta...\\\\n#14 0x55ec7a1f52fb \\\\u003Cunknown>\\\\n#15 0x55ec7a204f6c \\\\u003Cunknown>\\\\n#16 0x7fb994894ac3 \\\\u003Cunknown>\\\\n\"}}'}\n\n    def check_response(self, response: Dict[str, Any]) -> None:\n        \"\"\"Checks that a JSON response from the WebDriver does not have an\n        error.\n    \n        :Args:\n         - response - The JSON response from the WebDriver server as a dictionary\n           object.\n    \n        :Raises: If the response contains an error message.\n        \"\"\"\n        status = response.get(\"status\", None)\n        if not status or status == ErrorCode.SUCCESS:\n            return\n        value = None\n        message = response.get(\"message\", \"\")\n        screen: str = response.get(\"screen\", \"\")\n        stacktrace = None\n        if isinstance(status, int):\n            value_json = response.get(\"value\", None)\n            if value_json and isinstance(value_json, str):\n                import json\n    \n                try:\n                    value = json.loads(value_json)\n                    if len(value) == 1:\n                        value = value[\"value\"]\n                    status = value.get(\"error\", None)\n                    if not status:\n                        status = value.get(\"status\", ErrorCode.UNKNOWN_ERROR)\n                        message = value.get(\"value\") or value.get(\"message\")\n                        if not isinstance(message, str):\n                            value = message\n                            message = message.get(\"message\")\n                    else:\n                        message = value.get(\"message\", None)\n                except ValueError:\n                    pass\n    \n        exception_class: Type[WebDriverException]\n        e = ErrorCode()\n        error_codes = [item for item in dir(e) if not item.startswith(\"__\")]\n        for error_code in error_codes:\n            error_info = getattr(ErrorCode, error_code)\n            if isinstance(error_info, list) and status in error_info:\n                exception_class = getattr(ExceptionMapping, error_code, WebDriverException)\n                break\n        else:\n            exception_class = WebDriverException\n    \n        if not value:\n            value = response[\"value\"]\n        if isinstance(value, str):\n            raise exception_class(value)\n        if message == \"\" and \"message\" in value:\n            message = value[\"message\"]\n    \n        screen = None  # type: ignore[assignment]\n        if \"screen\" in value:\n            screen = value[\"screen\"]\n    \n        stacktrace = None\n        st_value = value.get(\"stackTrace\") or value.get(\"stacktrace\")\n        if st_value:\n            if isinstance(st_value, str):\n                stacktrace = st_value.split(\"\\n\")\n            else:\n                stacktrace = []\n                try:\n                    for frame in st_value:\n                        line = frame.get(\"lineNumber\", \"\")\n                        file = frame.get(\"fileName\", \"<anonymous>\")\n                        if line:\n                            file = f\"{file}:{line}\"\n                        meth = frame.get(\"methodName\", \"<anonymous>\")\n                        if \"className\" in frame:\n                            meth = f\"{frame['className']}.{meth}\"\n                        msg = \"    at %s (%s)\"\n                        msg = msg % (meth, file)\n                        stacktrace.append(msg)\n                except TypeError:\n                    pass\n        if exception_class == UnexpectedAlertPresentException:\n            alert_text = None\n            if \"data\" in value:\n                alert_text = value[\"data\"].get(\"text\")\n            elif \"alert\" in value:\n                alert_text = value[\"alert\"].get(\"text\")\n            raise exception_class(message, screen, stacktrace, alert_text)  # type: ignore[call-arg]  # mypy is not smart enough here\n>       raise exception_class(message, screen, stacktrace)\nE       selenium.common.exceptions.SessionNotCreatedException: Message: session not created: Chrome failed to start: exited normally.\nE         (session not created: DevToolsActivePort file doesn't exist)\nE         (The process started from chrome location /opt/google/chrome/chrome is no longer running, so ChromeDriver is assuming that Chrome has crashed.)\nE       Stacktrace:\nE       #0 0x55ec7a205e3a <unknown>\nE       #1 0x55ec79eef45c <unknown>\nE       #2 0x55ec79f246f8 <unknown>\nE       #3 0x55ec79f2063b <unknown>\nE       #4 0x55ec79f6ab19 <unknown>\nE       #5 0x55ec79f5e253 <unknown>\nE       #6 0x55ec79f2e1c7 <unknown>\nE       #7 0x55ec79f2eb3e <unknown>\nE       #8 0x55ec7a1cc27b <unknown>\nE       #9 0x55ec7a1d0327 <unknown>\nE       #10 0x55ec7a1b8dae <unknown>\nE       #11 0x55ec7a1d0df2 <unknown>\nE       #12 0x55ec7a19d74f <unknown>\nE       #13 0x55ec7a1f5128 <unknown>\nE       #14 0x55ec7a1f52fb <unknown>\nE       #15 0x55ec7a204f6c <unknown>\nE       #16 0x7fb994894ac3 <unknown>\n\n/opt/hostedtoolcache/Python/3.12.1/x64/lib/python3.12/site-packages/selenium/webdriver/remote/errorhandler.py:229: SessionNotCreatedException","flaky":false,"newFailed":false,"newBroken":true,"newPassed":false,"retriesCount":0,"retriesStatusChange":false,"beforeStages":[{"name":"_session_faker","time":{"start":1717677849869,"stop":1717677849890,"duration":21},"status":"passed","steps":[],"attachments":[],"parameters":[],"shouldDisplayMessage":false,"stepsCount":0,"attachmentsCount":0,"hasContent":false},{"name":"chrome_browser","time":{"start":1717677851018,"stop":1717677855289,"duration":4271},"status":"broken","statusMessage":"selenium.common.exceptions.SessionNotCreatedException: Message: session not created: Chrome failed to start: exited normally.\n  (session not created: DevToolsActivePort file doesn't exist)\n  (The process started from chrome location /opt/google/chrome/chrome is no longer running, so ChromeDriver is assuming that Chrome has crashed.)\nStacktrace:\n#0 0x55ec7a205e3a <unknown>\n#1 0x55ec79eef45c <unknown>\n#2 0x55ec79f246f8 <unknown>\n#3 0x55ec79f2063b <unknown>\n#4 0x55ec79f6ab19 <unknown>\n#5 0x55ec79f5e253 <unknown>\n#6 0x55ec79f2e1c7 <unknown>\n#7 0x55ec79f2eb3e <unknown>\n#8 0x55ec7a1cc27b <unknown>\n#9 0x55ec7a1d0327 <unknown>\n#10 0x55ec7a1b8dae <unknown>\n#11 0x55ec7a1d0df2 <unknown>\n#12 0x55ec7a19d74f <unknown>\n#13 0x55ec7a1f5128 <unknown>\n#14 0x55ec7a1f52fb <unknown>\n#15 0x55ec7a204f6c <unknown>\n#16 0x7fb994894ac3 <unknown>\n\n","statusTrace":"  File \"/opt/hostedtoolcache/Python/3.12.1/x64/lib/python3.12/site-packages/pluggy/_callers.py\", line 167, in _multicall\n    teardown.throw(outcome._exception)\n  File \"/opt/hostedtoolcache/Python/3.12.1/x64/lib/python3.12/site-packages/_pytest/setuponly.py\", line 36, in pytest_fixture_setup\n    return (yield)\n            ^^^^^\n  File \"/opt/hostedtoolcache/Python/3.12.1/x64/lib/python3.12/site-packages/pluggy/_callers.py\", line 103, in _multicall\n    res = hook_impl.function(*args)\n          ^^^^^^^^^^^^^^^^^^^^^^^^^\n  File \"/opt/hostedtoolcache/Python/3.12.1/x64/lib/python3.12/site-packages/_pytest/fixtures.py\", line 1132, in pytest_fixture_setup\n    result = call_fixture_func(fixturefunc, request, kwargs)\n             ^^^^^^^^^^^^^^^^^^^^^^^^^^^^^^^^^^^^^^^^^^^^^^^\n  File \"/opt/hostedtoolcache/Python/3.12.1/x64/lib/python3.12/site-packages/_pytest/fixtures.py\", line 906, in call_fixture_func\n    fixture_result = next(generator)\n                     ^^^^^^^^^^^^^^^\n  File \"/home/runner/work/python-e2e-localstack-tests/python-e2e-localstack-tests/tests/conftest.py\", line 28, in chrome_browser\n    browser = Chrome(service=service, options=options)\n              ^^^^^^^^^^^^^^^^^^^^^^^^^^^^^^^^^^^^^^^^\n  File \"/opt/hostedtoolcache/Python/3.12.1/x64/lib/python3.12/site-packages/selenium/webdriver/chrome/webdriver.py\", line 45, in __init__\n    super().__init__(\n  File \"/opt/hostedtoolcache/Python/3.12.1/x64/lib/python3.12/site-packages/selenium/webdriver/chromium/webdriver.py\", line 66, in __init__\n    super().__init__(command_executor=executor, options=options)\n  File \"/opt/hostedtoolcache/Python/3.12.1/x64/lib/python3.12/site-packages/selenium/webdriver/remote/webdriver.py\", line 208, in __init__\n    self.start_session(capabilities)\n  File \"/opt/hostedtoolcache/Python/3.12.1/x64/lib/python3.12/site-packages/selenium/webdriver/remote/webdriver.py\", line 292, in start_session\n    response = self.execute(Command.NEW_SESSION, caps)[\"value\"]\n               ^^^^^^^^^^^^^^^^^^^^^^^^^^^^^^^^^^^^^^^\n  File \"/opt/hostedtoolcache/Python/3.12.1/x64/lib/python3.12/site-packages/selenium/webdriver/remote/webdriver.py\", line 347, in execute\n    self.error_handler.check_response(response)\n  File \"/opt/hostedtoolcache/Python/3.12.1/x64/lib/python3.12/site-packages/selenium/webdriver/remote/errorhandler.py\", line 229, in check_response\n    raise exception_class(message, screen, stacktrace)\n","steps":[],"attachments":[],"parameters":[],"shouldDisplayMessage":true,"stepsCount":0,"attachmentsCount":0,"hasContent":true}],"testStage":{"status":"broken","statusMessage":"selenium.common.exceptions.SessionNotCreatedException: Message: session not created: Chrome failed to start: exited normally.\n  (session not created: DevToolsActivePort file doesn't exist)\n  (The process started from chrome location /opt/google/chrome/chrome is no longer running, so ChromeDriver is assuming that Chrome has crashed.)\nStacktrace:\n#0 0x55ec7a205e3a <unknown>\n#1 0x55ec79eef45c <unknown>\n#2 0x55ec79f246f8 <unknown>\n#3 0x55ec79f2063b <unknown>\n#4 0x55ec79f6ab19 <unknown>\n#5 0x55ec79f5e253 <unknown>\n#6 0x55ec79f2e1c7 <unknown>\n#7 0x55ec79f2eb3e <unknown>\n#8 0x55ec7a1cc27b <unknown>\n#9 0x55ec7a1d0327 <unknown>\n#10 0x55ec7a1b8dae <unknown>\n#11 0x55ec7a1d0df2 <unknown>\n#12 0x55ec7a19d74f <unknown>\n#13 0x55ec7a1f5128 <unknown>\n#14 0x55ec7a1f52fb <unknown>\n#15 0x55ec7a204f6c <unknown>\n#16 0x7fb994894ac3 <unknown>","statusTrace":"@pytest.fixture\n    def chrome_browser():\n        options = Options()\n        if os.getenv(\"IS_HEADLESS\") == \"true\":\n            options.add_argument(\"--headless\")\n        service = Service(ChromeDriverManager().install())\n>       browser = Chrome(service=service, options=options)\n\ntests/conftest.py:28: \n_ _ _ _ _ _ _ _ _ _ _ _ _ _ _ _ _ _ _ _ _ _ _ _ _ _ _ _ _ _ _ _ _ _ _ _ _ _ _ _ \n/opt/hostedtoolcache/Python/3.12.1/x64/lib/python3.12/site-packages/selenium/webdriver/chrome/webdriver.py:45: in __init__\n    super().__init__(\n/opt/hostedtoolcache/Python/3.12.1/x64/lib/python3.12/site-packages/selenium/webdriver/chromium/webdriver.py:66: in __init__\n    super().__init__(command_executor=executor, options=options)\n/opt/hostedtoolcache/Python/3.12.1/x64/lib/python3.12/site-packages/selenium/webdriver/remote/webdriver.py:208: in __init__\n    self.start_session(capabilities)\n/opt/hostedtoolcache/Python/3.12.1/x64/lib/python3.12/site-packages/selenium/webdriver/remote/webdriver.py:292: in start_session\n    response = self.execute(Command.NEW_SESSION, caps)[\"value\"]\n/opt/hostedtoolcache/Python/3.12.1/x64/lib/python3.12/site-packages/selenium/webdriver/remote/webdriver.py:347: in execute\n    self.error_handler.check_response(response)\n_ _ _ _ _ _ _ _ _ _ _ _ _ _ _ _ _ _ _ _ _ _ _ _ _ _ _ _ _ _ _ _ _ _ _ _ _ _ _ _ \n\nself = <selenium.webdriver.remote.errorhandler.ErrorHandler object at 0x7f3651cf46e0>\nresponse = {'status': 500, 'value': '{\"value\":{\"error\":\"session not created\",\"message\":\"session not created: Chrome failed to sta...\\\\n#14 0x55ec7a1f52fb \\\\u003Cunknown>\\\\n#15 0x55ec7a204f6c \\\\u003Cunknown>\\\\n#16 0x7fb994894ac3 \\\\u003Cunknown>\\\\n\"}}'}\n\n    def check_response(self, response: Dict[str, Any]) -> None:\n        \"\"\"Checks that a JSON response from the WebDriver does not have an\n        error.\n    \n        :Args:\n         - response - The JSON response from the WebDriver server as a dictionary\n           object.\n    \n        :Raises: If the response contains an error message.\n        \"\"\"\n        status = response.get(\"status\", None)\n        if not status or status == ErrorCode.SUCCESS:\n            return\n        value = None\n        message = response.get(\"message\", \"\")\n        screen: str = response.get(\"screen\", \"\")\n        stacktrace = None\n        if isinstance(status, int):\n            value_json = response.get(\"value\", None)\n            if value_json and isinstance(value_json, str):\n                import json\n    \n                try:\n                    value = json.loads(value_json)\n                    if len(value) == 1:\n                        value = value[\"value\"]\n                    status = value.get(\"error\", None)\n                    if not status:\n                        status = value.get(\"status\", ErrorCode.UNKNOWN_ERROR)\n                        message = value.get(\"value\") or value.get(\"message\")\n                        if not isinstance(message, str):\n                            value = message\n                            message = message.get(\"message\")\n                    else:\n                        message = value.get(\"message\", None)\n                except ValueError:\n                    pass\n    \n        exception_class: Type[WebDriverException]\n        e = ErrorCode()\n        error_codes = [item for item in dir(e) if not item.startswith(\"__\")]\n        for error_code in error_codes:\n            error_info = getattr(ErrorCode, error_code)\n            if isinstance(error_info, list) and status in error_info:\n                exception_class = getattr(ExceptionMapping, error_code, WebDriverException)\n                break\n        else:\n            exception_class = WebDriverException\n    \n        if not value:\n            value = response[\"value\"]\n        if isinstance(value, str):\n            raise exception_class(value)\n        if message == \"\" and \"message\" in value:\n            message = value[\"message\"]\n    \n        screen = None  # type: ignore[assignment]\n        if \"screen\" in value:\n            screen = value[\"screen\"]\n    \n        stacktrace = None\n        st_value = value.get(\"stackTrace\") or value.get(\"stacktrace\")\n        if st_value:\n            if isinstance(st_value, str):\n                stacktrace = st_value.split(\"\\n\")\n            else:\n                stacktrace = []\n                try:\n                    for frame in st_value:\n                        line = frame.get(\"lineNumber\", \"\")\n                        file = frame.get(\"fileName\", \"<anonymous>\")\n                        if line:\n                            file = f\"{file}:{line}\"\n                        meth = frame.get(\"methodName\", \"<anonymous>\")\n                        if \"className\" in frame:\n                            meth = f\"{frame['className']}.{meth}\"\n                        msg = \"    at %s (%s)\"\n                        msg = msg % (meth, file)\n                        stacktrace.append(msg)\n                except TypeError:\n                    pass\n        if exception_class == UnexpectedAlertPresentException:\n            alert_text = None\n            if \"data\" in value:\n                alert_text = value[\"data\"].get(\"text\")\n            elif \"alert\" in value:\n                alert_text = value[\"alert\"].get(\"text\")\n            raise exception_class(message, screen, stacktrace, alert_text)  # type: ignore[call-arg]  # mypy is not smart enough here\n>       raise exception_class(message, screen, stacktrace)\nE       selenium.common.exceptions.SessionNotCreatedException: Message: session not created: Chrome failed to start: exited normally.\nE         (session not created: DevToolsActivePort file doesn't exist)\nE         (The process started from chrome location /opt/google/chrome/chrome is no longer running, so ChromeDriver is assuming that Chrome has crashed.)\nE       Stacktrace:\nE       #0 0x55ec7a205e3a <unknown>\nE       #1 0x55ec79eef45c <unknown>\nE       #2 0x55ec79f246f8 <unknown>\nE       #3 0x55ec79f2063b <unknown>\nE       #4 0x55ec79f6ab19 <unknown>\nE       #5 0x55ec79f5e253 <unknown>\nE       #6 0x55ec79f2e1c7 <unknown>\nE       #7 0x55ec79f2eb3e <unknown>\nE       #8 0x55ec7a1cc27b <unknown>\nE       #9 0x55ec7a1d0327 <unknown>\nE       #10 0x55ec7a1b8dae <unknown>\nE       #11 0x55ec7a1d0df2 <unknown>\nE       #12 0x55ec7a19d74f <unknown>\nE       #13 0x55ec7a1f5128 <unknown>\nE       #14 0x55ec7a1f52fb <unknown>\nE       #15 0x55ec7a204f6c <unknown>\nE       #16 0x7fb994894ac3 <unknown>\n\n/opt/hostedtoolcache/Python/3.12.1/x64/lib/python3.12/site-packages/selenium/webdriver/remote/errorhandler.py:229: SessionNotCreatedException","steps":[],"attachments":[{"uid":"9d708c5ba036e4ec","name":"log","source":"9d708c5ba036e4ec.txt","type":"text/plain","size":1055}],"parameters":[],"shouldDisplayMessage":true,"stepsCount":0,"attachmentsCount":1,"hasContent":true},"afterStages":[],"labels":[{"name":"parentSuite","value":"tests"},{"name":"suite","value":"test_edit"},{"name":"host","value":"fv-az659-258"},{"name":"thread","value":"3389-MainThread"},{"name":"framework","value":"pytest"},{"name":"language","value":"cpython3"},{"name":"package","value":"tests.test_edit"},{"name":"resultFormat","value":"allure2"}],"parameters":[],"links":[],"hidden":false,"retry":false,"extra":{"severity":"normal","retries":[],"categories":[{"name":"Test defects","matchedStatuses":[],"flaky":false}],"history":{"statistic":{"failed":0,"broken":1,"skipped":0,"passed":4,"unknown":0,"total":5},"items":[{"uid":"64c1fd2f8c556d97","reportUrl":"https://jim-stone.github.io/python-e2e-localstack-tests/5//#testresult/64c1fd2f8c556d97","status":"passed","time":{"start":1717613807139,"stop":1717613807806,"duration":667}},{"uid":"d67c8bb93353d7d","reportUrl":"https://jim-stone.github.io/python-e2e-localstack-tests/4//#testresult/d67c8bb93353d7d","status":"passed","time":{"start":1717613171000,"stop":1717613171665,"duration":665}},{"uid":"180be52ac5a4f8a4","reportUrl":"https://jim-stone.github.io/python-e2e-localstack-tests/3//#testresult/180be52ac5a4f8a4","status":"passed","time":{"start":1717612669871,"stop":1717612671090,"duration":1219}},{"uid":"b0879c301cd652c8","reportUrl":"https://jim-stone.github.io/python-e2e-localstack-tests/1//#testresult/b0879c301cd652c8","status":"passed","time":{"start":1715715086993,"stop":1715715087768,"duration":775}}]},"tags":[]},"source":"dc7656620ebc99ae.json","parameterValues":[]}