{"uid":"757d66c2bc3b8724","name":"test_edit","fullName":"tests.test_edit#test_edit","historyId":"65f16bf3ba35b152446354b19e0b1751","time":{"start":1717679977047,"stop":1717679988270,"duration":11223},"status":"broken","statusMessage":"selenium.common.exceptions.TimeoutException: Message:","statusTrace":"logged_in_test = (<pages.home_page.HomePage object at 0x7f9bd6bacb60>, 'eyJhbGciOiJIUzI1NiJ9.eyJzdWIiOiJiYXVlcm1lbGlzc2EiLCJhdXRoIjpbey...Ta!v', email='danielpadilla@example.org', firstName='Todd', lastName='Hernandez', roles=['ROLE_ADMIN', 'ROLE_CLIENT']))\n\n    def test_edit(logged_in_test: Tuple[HomePage, str, User]):\n        home_page, token, user = logged_in_test\n        newUser = get_random_user()\n>       home_page.click_edit_on(user).edit_user(newUser, HomePage).verify_user_displayed(\n            newUser\n        ).verify_user_not_displayed(user).get_alert().verify_alert_success(\n            \"Updating user successful\"\n        )\n\ntests/test_edit.py:17: \n_ _ _ _ _ _ _ _ _ _ _ _ _ _ _ _ _ _ _ _ _ _ _ _ _ _ _ _ _ _ _ _ _ _ _ _ _ _ _ _ \npages/home_page.py:38: in verify_user_displayed\n    self._find_row_with_user(user)\npages/home_page.py:52: in _find_row_with_user\n    users_list = self._get_users()\npages/home_page.py:59: in _get_users\n    self.wait.until(\n_ _ _ _ _ _ _ _ _ _ _ _ _ _ _ _ _ _ _ _ _ _ _ _ _ _ _ _ _ _ _ _ _ _ _ _ _ _ _ _ \n\nself = <selenium.webdriver.support.wait.WebDriverWait (session=\"b099a17ef7dcbb697cea5e289d70c6f7\")>\nmethod = <function HomePage._get_users.<locals>.<lambda> at 0x7f9bd6f3a3e0>\nmessage = ''\n\n    def until(self, method: Callable[[D], Union[Literal[False], T]], message: str = \"\") -> T:\n        \"\"\"Calls the method provided with the driver as an argument until the \\\n        return value does not evaluate to ``False``.\n    \n        :param method: callable(WebDriver)\n        :param message: optional message for :exc:`TimeoutException`\n        :returns: the result of the last call to `method`\n        :raises: :exc:`selenium.common.exceptions.TimeoutException` if timeout occurs\n        \"\"\"\n        screen = None\n        stacktrace = None\n    \n        end_time = time.monotonic() + self._timeout\n        while True:\n            try:\n                value = method(self._driver)\n                if value:\n                    return value\n            except self._ignored_exceptions as exc:\n                screen = getattr(exc, \"screen\", None)\n                stacktrace = getattr(exc, \"stacktrace\", None)\n            time.sleep(self._poll)\n            if time.monotonic() > end_time:\n                break\n>       raise TimeoutException(message, screen, stacktrace)\nE       selenium.common.exceptions.TimeoutException: Message:\n\n/opt/hostedtoolcache/Python/3.12.1/x64/lib/python3.12/site-packages/selenium/webdriver/support/wait.py:105: TimeoutException","flaky":false,"newFailed":false,"newBroken":true,"newPassed":false,"retriesCount":0,"retriesStatusChange":false,"beforeStages":[{"name":"_session_faker","time":{"start":1717679961222,"stop":1717679961239,"duration":17},"status":"passed","steps":[],"attachments":[],"parameters":[],"shouldDisplayMessage":false,"stepsCount":0,"attachmentsCount":0,"hasContent":false},{"name":"chrome_browser","time":{"start":1717679975817,"stop":1717679976110,"duration":293},"status":"passed","steps":[],"attachments":[],"parameters":[],"shouldDisplayMessage":false,"stepsCount":0,"attachmentsCount":0,"hasContent":false},{"name":"logged_in_test","time":{"start":1717679976110,"stop":1717679977046,"duration":936},"status":"passed","steps":[],"attachments":[],"parameters":[],"shouldDisplayMessage":false,"stepsCount":0,"attachmentsCount":0,"hasContent":false}],"testStage":{"status":"broken","statusMessage":"selenium.common.exceptions.TimeoutException: Message:","statusTrace":"logged_in_test = (<pages.home_page.HomePage object at 0x7f9bd6bacb60>, 'eyJhbGciOiJIUzI1NiJ9.eyJzdWIiOiJiYXVlcm1lbGlzc2EiLCJhdXRoIjpbey...Ta!v', email='danielpadilla@example.org', firstName='Todd', lastName='Hernandez', roles=['ROLE_ADMIN', 'ROLE_CLIENT']))\n\n    def test_edit(logged_in_test: Tuple[HomePage, str, User]):\n        home_page, token, user = logged_in_test\n        newUser = get_random_user()\n>       home_page.click_edit_on(user).edit_user(newUser, HomePage).verify_user_displayed(\n            newUser\n        ).verify_user_not_displayed(user).get_alert().verify_alert_success(\n            \"Updating user successful\"\n        )\n\ntests/test_edit.py:17: \n_ _ _ _ _ _ _ _ _ _ _ _ _ _ _ _ _ _ _ _ _ _ _ _ _ _ _ _ _ _ _ _ _ _ _ _ _ _ _ _ \npages/home_page.py:38: in verify_user_displayed\n    self._find_row_with_user(user)\npages/home_page.py:52: in _find_row_with_user\n    users_list = self._get_users()\npages/home_page.py:59: in _get_users\n    self.wait.until(\n_ _ _ _ _ _ _ _ _ _ _ _ _ _ _ _ _ _ _ _ _ _ _ _ _ _ _ _ _ _ _ _ _ _ _ _ _ _ _ _ \n\nself = <selenium.webdriver.support.wait.WebDriverWait (session=\"b099a17ef7dcbb697cea5e289d70c6f7\")>\nmethod = <function HomePage._get_users.<locals>.<lambda> at 0x7f9bd6f3a3e0>\nmessage = ''\n\n    def until(self, method: Callable[[D], Union[Literal[False], T]], message: str = \"\") -> T:\n        \"\"\"Calls the method provided with the driver as an argument until the \\\n        return value does not evaluate to ``False``.\n    \n        :param method: callable(WebDriver)\n        :param message: optional message for :exc:`TimeoutException`\n        :returns: the result of the last call to `method`\n        :raises: :exc:`selenium.common.exceptions.TimeoutException` if timeout occurs\n        \"\"\"\n        screen = None\n        stacktrace = None\n    \n        end_time = time.monotonic() + self._timeout\n        while True:\n            try:\n                value = method(self._driver)\n                if value:\n                    return value\n            except self._ignored_exceptions as exc:\n                screen = getattr(exc, \"screen\", None)\n                stacktrace = getattr(exc, \"stacktrace\", None)\n            time.sleep(self._poll)\n            if time.monotonic() > end_time:\n                break\n>       raise TimeoutException(message, screen, stacktrace)\nE       selenium.common.exceptions.TimeoutException: Message:\n\n/opt/hostedtoolcache/Python/3.12.1/x64/lib/python3.12/site-packages/selenium/webdriver/support/wait.py:105: TimeoutException","steps":[],"attachments":[{"uid":"3ad9ab4afbc2d137","name":"log","source":"3ad9ab4afbc2d137.txt","type":"text/plain","size":3784}],"parameters":[],"shouldDisplayMessage":true,"stepsCount":0,"attachmentsCount":1,"hasContent":true},"afterStages":[{"name":"logged_in_test::0","time":{"start":1717679988313,"stop":1717679988328,"duration":15},"status":"passed","steps":[],"attachments":[],"parameters":[],"shouldDisplayMessage":false,"stepsCount":0,"attachmentsCount":0,"hasContent":false},{"name":"chrome_browser::0","time":{"start":1717679988329,"stop":1717679988389,"duration":60},"status":"passed","steps":[],"attachments":[],"parameters":[],"shouldDisplayMessage":false,"stepsCount":0,"attachmentsCount":0,"hasContent":false}],"labels":[{"name":"parentSuite","value":"tests"},{"name":"suite","value":"test_edit"},{"name":"host","value":"fv-az1490-828"},{"name":"thread","value":"3419-MainThread"},{"name":"framework","value":"pytest"},{"name":"language","value":"cpython3"},{"name":"package","value":"tests.test_edit"},{"name":"resultFormat","value":"allure2"}],"parameters":[],"links":[],"hidden":false,"retry":false,"extra":{"severity":"normal","retries":[],"categories":[{"name":"Test defects","matchedStatuses":[],"flaky":false}],"history":{"statistic":{"failed":0,"broken":3,"skipped":0,"passed":5,"unknown":0,"total":8},"items":[{"uid":"1f5aa15216b96377","reportUrl":"https://jim-stone.github.io/python-e2e-localstack-tests/8//#testresult/1f5aa15216b96377","status":"passed","time":{"start":1717678641852,"stop":1717678644475,"duration":2623}},{"uid":"e547188bba6e29ad","reportUrl":"https://jim-stone.github.io/python-e2e-localstack-tests/7//#testresult/e547188bba6e29ad","status":"passed","time":{"start":1717677874386,"stop":1717677876890,"duration":2504}},{"uid":"d11a1ee03ffb3fee","reportUrl":"https://jim-stone.github.io/python-e2e-localstack-tests/7//#testresult/d11a1ee03ffb3fee","status":"broken","statusDetails":"selenium.common.exceptions.SessionNotCreatedException: Message: session not created: Chrome failed to start: exited normally.\n  (session not created: DevToolsActivePort file doesn't exist)\n  (The process started from chrome location /opt/google/chrome/chrome is no longer running, so ChromeDriver is assuming that Chrome has crashed.)\nStacktrace:\n#0 0x556e472aee3a <unknown>\n#1 0x556e46f9845c <unknown>\n#2 0x556e46fcd6f8 <unknown>\n#3 0x556e46fc963b <unknown>\n#4 0x556e47013b19 <unknown>\n#5 0x556e47007253 <unknown>\n#6 0x556e46fd71c7 <unknown>\n#7 0x556e46fd7b3e <unknown>\n#8 0x556e4727527b <unknown>\n#9 0x556e47279327 <unknown>\n#10 0x556e47261dae <unknown>\n#11 0x556e47279df2 <unknown>\n#12 0x556e4724674f <unknown>\n#13 0x556e4729e128 <unknown>\n#14 0x556e4729e2fb <unknown>\n#15 0x556e472adf6c <unknown>\n#16 0x7f4efda94ac3 <unknown>","time":{"start":1717677855365,"stop":1717677855365,"duration":0}},{"uid":"f10c6c67f02de6df","reportUrl":"https://jim-stone.github.io/python-e2e-localstack-tests/5//#testresult/f10c6c67f02de6df","status":"passed","time":{"start":1717613809123,"stop":1717613811650,"duration":2527}},{"uid":"b3dd8d23ddec5fa5","reportUrl":"https://jim-stone.github.io/python-e2e-localstack-tests/4//#testresult/b3dd8d23ddec5fa5","status":"passed","time":{"start":1717613172945,"stop":1717613175431,"duration":2486}},{"uid":"14409f804f3cf3fa","reportUrl":"https://jim-stone.github.io/python-e2e-localstack-tests/3//#testresult/14409f804f3cf3fa","status":"broken","statusDetails":"selenium.common.exceptions.TimeoutException: Message:","time":{"start":1717612672407,"stop":1717612683556,"duration":11149}},{"uid":"f1910c2373801270","reportUrl":"https://jim-stone.github.io/python-e2e-localstack-tests/1//#testresult/f1910c2373801270","status":"passed","time":{"start":1715715089088,"stop":1715715091901,"duration":2813}}]},"tags":[]},"source":"757d66c2bc3b8724.json","parameterValues":[]}